DEBUG:root:[0, 0, 0]
DEBUG:root:[0, 0, 0]
DEBUG:root:[1, 0, 0]
DEBUG:root:[0, 0, 0]
DEBUG:root:[0, 1, 0]
DEBUG:root:[0, 1, 0]
DEBUG:root:[0, 0, 1]
DEBUG:root:[0, 1, 0]
DEBUG:root:[0, 1, 1]
DEBUG:root:[1, 1, 0]
DEBUG:root:[0, 1, 0]
DEBUG:root:[0, 1, 0]
DEBUG:root:[1, 2, 0]
DEBUG:root:[0, 1, 0]
DEBUG:root:[1, 0, 0]
DEBUG:root:[0, 1, 2]
DEBUG:root:[1, 0, 0]
DEBUG:root:[1, 2, 0]
DEBUG:root:[0, 0, 0]
DEBUG:root:[0, 1, 1]
DEBUG:root:[0, 1, 1]
DEBUG:root:[1, 0, 1]
DEBUG:root:[1, 0, 0]
DEBUG:root:[0, 1, 0]
DEBUG:root:[0, 1, 1]
DEBUG:root:[2, 1, 0]
DEBUG:root:[2, 0, 0]
DEBUG:root:[0, 1, 1]
DEBUG:root:[2, 0, 2]
DEBUG:root:[1, 1, 1]
DEBUG:root:[1, 0, 0]
DEBUG:root:[0, 2, 1]
DEBUG:root:[1, 2, 0]
DEBUG:root:[0, 1, 1]
DEBUG:root:[1, 0, 2]
DEBUG:root:[2, 0, 0]
DEBUG:root:[0, 0, 2]
DEBUG:root:[2, 1, 2]
DEBUG:root:[2, 1, 2]
DEBUG:root:[0, 0, 0]
DEBUG:root:[0, 2, 1]
DEBUG:root:[0, 0, 0]
DEBUG:root:[0, 1, 0]
DEBUG:root:[0, 0, 1]
DEBUG:root:[2, 1, 0]
DEBUG:root:[2, 1, 1]
DEBUG:root:[0, 0, 0]
DEBUG:root:[1, 0, 1]
DEBUG:root:[0, 1, 2]
DEBUG:root:[0, 0, 0]
DEBUG:root:[1, 0, 1]
DEBUG:root:[1, 1, 1]
DEBUG:root:[2, 3, 2]
DEBUG:root:[0, 2, 0]
DEBUG:root:[0, 0, 0]
DEBUG:root:[0, 2, 0]
DEBUG:root:[0, 0, 0]
DEBUG:root:[1, 0, 0]
DEBUG:root:[1, 0, 0]
DEBUG:root:[0, 0, 0]
DEBUG:root:[0, 0, 2]
DEBUG:root:[1, 2, 2]
DEBUG:root:[2, 3, 1]
DEBUG:root:[1, 2, 0]
DEBUG:root:[0, 3, 0]
DEBUG:root:[0, 2, 0]
DEBUG:root:[0, 1, 1]
DEBUG:root:[0, 1, 0]
DEBUG:root:[0, 2, 1]
DEBUG:root:[1, 2, 0]
DEBUG:root:[0, 1, 0]
DEBUG:root:[2, 3, 0]
DEBUG:root:[1, 2, 0]
DEBUG:root:[0, 2, 1]
DEBUG:root:[2, 3, 0]
DEBUG:root:[0, 2, 0]
DEBUG:root:[0, 2, 0]
DEBUG:root:[2, 1, 2]
DEBUG:root:[0, 2, 2]
DEBUG:root:[0, 1, 2]
DEBUG:root:[1, 0, 2]
DEBUG:root:[1, 0, 2]
DEBUG:root:[1, 1, 0]
DEBUG:root:[0, 1, 1]
DEBUG:root:[0, 1, 0]
DEBUG:root:[2, 1, 1]
DEBUG:root:[1, 2, 2]
DEBUG:root:[2, 2, 2]
DEBUG:root:[0, 0, 0]
DEBUG:root:[0, 2, 2]
DEBUG:root:[0, 0, 0]
DEBUG:root:[1, 2, 0]
DEBUG:root:[2, 0, 0]
DEBUG:root:[2, 1, 0]
DEBUG:root:[2, 1, 0]
DEBUG:root:[1, 2, 0]
DEBUG:root:[0, 1, 0]
DEBUG:root:[0, 1, 1]
DEBUG:root:[0, 0, 0]
DEBUG:root:[0, 0, 0]
DEBUG:root:0,0:[0 0 0]
DEBUG:root:0,1:[0 1 0]
DEBUG:root:0,2:[0 1 1]
DEBUG:root:0,3:[1 0 0]
DEBUG:root:0,4:[0 2 1]
DEBUG:root:0,5:[1 0 1]
DEBUG:root:0,6:[0 0 2]
DEBUG:root:0,7:[0 1 0]
DEBUG:root:0,8:[1 0 2]
DEBUG:root:0,9:[0 0 0]
DEBUG:root:1,0:[0 0 0]
DEBUG:root:1,1:[0 1 0]
DEBUG:root:1,2:[1 0 1]
DEBUG:root:1,3:[0 2 1]
DEBUG:root:1,4:[0 0 0]
DEBUG:root:1,5:[1 1 1]
DEBUG:root:1,6:[1 2 2]
DEBUG:root:1,7:[2 3 0]
DEBUG:root:1,8:[1 0 2]
DEBUG:root:1,9:[1 2 0]
DEBUG:root:2,0:[1 0 0]
DEBUG:root:2,1:[1 2 0]
DEBUG:root:2,2:[1 0 0]
DEBUG:root:2,3:[1 2 0]
DEBUG:root:2,4:[0 1 0]
DEBUG:root:2,5:[2 3 2]
DEBUG:root:2,6:[2 3 1]
DEBUG:root:2,7:[1 2 0]
DEBUG:root:2,8:[1 1 0]
DEBUG:root:2,9:[2 0 0]
DEBUG:root:3,0:[0 0 0]
DEBUG:root:3,1:[0 1 0]
DEBUG:root:3,2:[0 1 0]
DEBUG:root:3,3:[0 1 1]
DEBUG:root:3,4:[0 0 1]
DEBUG:root:3,5:[0 2 0]
DEBUG:root:3,6:[1 2 0]
DEBUG:root:3,7:[0 2 1]
DEBUG:root:3,8:[0 1 1]
DEBUG:root:3,9:[2 1 0]
DEBUG:root:4,0:[0 1 0]
DEBUG:root:4,1:[1 0 0]
DEBUG:root:4,2:[0 1 1]
DEBUG:root:4,3:[1 0 2]
DEBUG:root:4,4:[2 1 0]
DEBUG:root:4,5:[0 0 0]
DEBUG:root:4,6:[0 3 0]
DEBUG:root:4,7:[2 3 0]
DEBUG:root:4,8:[0 1 0]
DEBUG:root:4,9:[2 1 0]
DEBUG:root:5,0:[0 1 0]
DEBUG:root:5,1:[0 1 2]
DEBUG:root:5,2:[2 1 0]
DEBUG:root:5,3:[2 0 0]
DEBUG:root:5,4:[2 1 1]
DEBUG:root:5,5:[0 2 0]
DEBUG:root:5,6:[0 2 0]
DEBUG:root:5,7:[0 2 0]
DEBUG:root:5,8:[2 1 1]
DEBUG:root:5,9:[1 2 0]
DEBUG:root:6,0:[0 0 1]
DEBUG:root:6,1:[1 0 0]
DEBUG:root:6,2:[2 0 0]
DEBUG:root:6,3:[0 0 2]
DEBUG:root:6,4:[0 0 0]
DEBUG:root:6,5:[0 0 0]
DEBUG:root:6,6:[0 1 1]
DEBUG:root:6,7:[0 2 0]
DEBUG:root:6,8:[1 2 2]
DEBUG:root:6,9:[0 1 0]
DEBUG:root:7,0:[0 1 0]
DEBUG:root:7,1:[1 2 0]
DEBUG:root:7,2:[0 1 1]
DEBUG:root:7,3:[2 1 2]
DEBUG:root:7,4:[1 0 1]
DEBUG:root:7,5:[1 0 0]
DEBUG:root:7,6:[0 1 0]
DEBUG:root:7,7:[2 1 2]
DEBUG:root:7,8:[2 2 2]
DEBUG:root:7,9:[0 1 1]
DEBUG:root:8,0:[0 1 1]
DEBUG:root:8,1:[0 0 0]
DEBUG:root:8,2:[2 0 2]
DEBUG:root:8,3:[2 1 2]
DEBUG:root:8,4:[0 1 2]
DEBUG:root:8,5:[1 0 0]
DEBUG:root:8,6:[0 2 1]
DEBUG:root:8,7:[0 2 2]
DEBUG:root:8,8:[0 0 0]
DEBUG:root:8,9:[0 0 0]
DEBUG:root:9,0:[1 1 0]
DEBUG:root:9,1:[0 1 1]
DEBUG:root:9,2:[1 1 1]
DEBUG:root:9,3:[0 0 0]
DEBUG:root:9,4:[0 0 0]
DEBUG:root:9,5:[0 0 0]
DEBUG:root:9,6:[1 2 0]
DEBUG:root:9,7:[0 1 2]
DEBUG:root:9,8:[0 2 2]
DEBUG:root:9,9:[0 0 0]
DEBUG:root:[0, 0, 0]
DEBUG:root:[0, 0, 0]
DEBUG:root:[1, 1, 0]
DEBUG:root:[0, 0, 0]
DEBUG:root:[0, 1, 0]
DEBUG:root:[0, 1, 0]
DEBUG:root:[1, 1, 0]
DEBUG:root:[0, 1, 0]
DEBUG:root:[2, 1, 0]
DEBUG:root:[0, 1, 1]
DEBUG:root:[1, 0, 2]
DEBUG:root:[0, 0, 2]
DEBUG:root:[0, 2, 0]
DEBUG:root:[1, 0, 0]
DEBUG:root:[1, 1, 2]
DEBUG:root:[0, 0, 1]
DEBUG:root:[1, 0, 0]
DEBUG:root:[1, 0, 0]
DEBUG:root:[0, 1, 0]
DEBUG:root:[0, 1, 1]
DEBUG:root:[0, 2, 1]
DEBUG:root:[0, 2, 0]
DEBUG:root:[0, 0, 0]
DEBUG:root:[1, 1, 0]
DEBUG:root:[1, 1, 1]
DEBUG:root:[0, 2, 2]
DEBUG:root:[1, 1, 1]
DEBUG:root:[2, 1, 0]
DEBUG:root:[2, 1, 2]
DEBUG:root:[0, 2, 0]
DEBUG:root:[0, 0, 1]
DEBUG:root:[0, 0, 1]
DEBUG:root:[1, 0, 0]
DEBUG:root:[0, 0, 0]
DEBUG:root:[1, 1, 0]
DEBUG:root:[1, 1, 1]
DEBUG:root:[0, 0, 2]
DEBUG:root:[0, 0, 0]
DEBUG:root:[2, 1, 1]
DEBUG:root:[0, 0, 2]
DEBUG:root:[0, 1, 0]
DEBUG:root:[1, 2, 0]
DEBUG:root:[1, 1, 1]
DEBUG:root:[1, 0, 0]
DEBUG:root:[0, 2, 2]
DEBUG:root:[0, 0, 1]
DEBUG:root:[0, 0, 0]
DEBUG:root:[2, 1, 2]
DEBUG:root:[1, 0, 2]
DEBUG:root:[2, 0, 0]
DEBUG:root:[0, 0, 1]
DEBUG:root:[1, 2, 2]
DEBUG:root:[1, 2, 1]
DEBUG:root:[0, 1, 1]
DEBUG:root:[2, 2, 0]
DEBUG:root:[0, 2, 0]
DEBUG:root:[2, 1, 0]
DEBUG:root:[1, 0, 0]
DEBUG:root:[1, 0, 1]
DEBUG:root:[0, 0, 0]
DEBUG:root:[0, 0, 2]
DEBUG:root:[0, 3, 0]
DEBUG:root:[0, 1, 1]
DEBUG:root:[0, 1, 0]
DEBUG:root:[0, 1, 0]
DEBUG:root:[1, 1, 1]
DEBUG:root:[1, 2, 1]
DEBUG:root:[0, 1, 0]
DEBUG:root:[0, 0, 0]
DEBUG:root:[0, 1, 0]
DEBUG:root:[1, 1, 0]
DEBUG:root:[2, 2, 2]
DEBUG:root:[2, 1, 0]
DEBUG:root:[0, 1, 1]
DEBUG:root:[0, 1, 0]
DEBUG:root:[0, 1, 1]
DEBUG:root:[1, 2, 0]
DEBUG:root:[0, 1, 2]
DEBUG:root:[1, 2, 0]
DEBUG:root:[0, 2, 0]
DEBUG:root:[2, 0, 2]
DEBUG:root:[2, 1, 0]
DEBUG:root:[2, 2, 1]
DEBUG:root:[0, 0, 1]
DEBUG:root:[2, 0, 1]
DEBUG:root:[2, 2, 0]
DEBUG:root:[2, 3, 0]
DEBUG:root:[1, 2, 1]
DEBUG:root:[0, 1, 0]
DEBUG:root:[0, 0, 2]
DEBUG:root:[1, 0, 0]
DEBUG:root:[0, 0, 1]
DEBUG:root:[1, 0, 0]
DEBUG:root:[1, 2, 0]
DEBUG:root:[0, 0, 0]
DEBUG:root:[0, 1, 1]
DEBUG:root:[0, 1, 1]
DEBUG:root:[0, 2, 1]
DEBUG:root:[0, 1, 0]
DEBUG:root:[0, 0, 0]
DEBUG:root:0,0:[0 0 0]
DEBUG:root:0,1:[1 0 2]
DEBUG:root:0,2:[0 2 1]
DEBUG:root:0,3:[0 0 1]
DEBUG:root:0,4:[0 1 0]
DEBUG:root:0,5:[0 0 1]
DEBUG:root:0,6:[0 0 2]
DEBUG:root:0,7:[1 1 0]
DEBUG:root:0,8:[2 0 2]
DEBUG:root:0,9:[1 0 0]
DEBUG:root:1,0:[0 0 0]
DEBUG:root:1,1:[0 0 2]
DEBUG:root:1,2:[0 2 0]
DEBUG:root:1,3:[0 0 1]
DEBUG:root:1,4:[1 2 0]
DEBUG:root:1,5:[1 2 2]
DEBUG:root:1,6:[0 3 0]
DEBUG:root:1,7:[2 2 2]
DEBUG:root:1,8:[2 1 0]
DEBUG:root:1,9:[0 0 1]
DEBUG:root:2,0:[1 1 0]
DEBUG:root:2,1:[0 2 0]
DEBUG:root:2,2:[0 0 0]
DEBUG:root:2,3:[1 0 0]
DEBUG:root:2,4:[1 1 1]
DEBUG:root:2,5:[1 2 1]
DEBUG:root:2,6:[0 1 1]
DEBUG:root:2,7:[2 1 0]
DEBUG:root:2,8:[2 2 1]
DEBUG:root:2,9:[1 0 0]
DEBUG:root:3,0:[0 0 0]
DEBUG:root:3,1:[1 0 0]
DEBUG:root:3,2:[1 1 0]
DEBUG:root:3,3:[0 0 0]
DEBUG:root:3,4:[1 0 0]
DEBUG:root:3,5:[0 1 1]
DEBUG:root:3,6:[0 1 0]
DEBUG:root:3,7:[0 1 1]
DEBUG:root:3,8:[0 0 1]
DEBUG:root:3,9:[1 2 0]
DEBUG:root:4,0:[0 1 0]
DEBUG:root:4,1:[1 1 2]
DEBUG:root:4,2:[1 1 1]
DEBUG:root:4,3:[1 1 0]
DEBUG:root:4,4:[0 2 2]
DEBUG:root:4,5:[2 2 0]
DEBUG:root:4,6:[0 1 0]
DEBUG:root:4,7:[0 1 0]
DEBUG:root:4,8:[2 0 1]
DEBUG:root:4,9:[0 0 0]
DEBUG:root:5,0:[0 1 0]
DEBUG:root:5,1:[0 0 1]
DEBUG:root:5,2:[0 2 2]
DEBUG:root:5,3:[1 1 1]
DEBUG:root:5,4:[0 0 1]
DEBUG:root:5,5:[0 2 0]
DEBUG:root:5,6:[1 1 1]
DEBUG:root:5,7:[0 1 1]
DEBUG:root:5,8:[2 2 0]
DEBUG:root:5,9:[0 1 1]
DEBUG:root:6,0:[1 1 0]
DEBUG:root:6,1:[1 0 0]
DEBUG:root:6,2:[1 1 1]
DEBUG:root:6,3:[0 0 2]
DEBUG:root:6,4:[0 0 0]
DEBUG:root:6,5:[2 1 0]
DEBUG:root:6,6:[1 2 1]
DEBUG:root:6,7:[1 2 0]
DEBUG:root:6,8:[2 3 0]
DEBUG:root:6,9:[0 1 1]
DEBUG:root:7,0:[0 1 0]
DEBUG:root:7,1:[1 0 0]
DEBUG:root:7,2:[2 1 0]
DEBUG:root:7,3:[0 0 0]
DEBUG:root:7,4:[2 1 2]
DEBUG:root:7,5:[1 0 0]
DEBUG:root:7,6:[0 1 0]
DEBUG:root:7,7:[0 1 2]
DEBUG:root:7,8:[1 2 1]
DEBUG:root:7,9:[0 2 1]
DEBUG:root:8,0:[2 1 0]
DEBUG:root:8,1:[0 1 0]
DEBUG:root:8,2:[2 1 2]
DEBUG:root:8,3:[2 1 1]
DEBUG:root:8,4:[1 0 2]
DEBUG:root:8,5:[1 0 1]
DEBUG:root:8,6:[0 0 0]
DEBUG:root:8,7:[1 2 0]
DEBUG:root:8,8:[0 1 0]
DEBUG:root:8,9:[0 1 0]
DEBUG:root:9,0:[0 1 1]
DEBUG:root:9,1:[0 1 1]
DEBUG:root:9,2:[0 2 0]
DEBUG:root:9,3:[0 0 2]
DEBUG:root:9,4:[2 0 0]
DEBUG:root:9,5:[0 0 0]
DEBUG:root:9,6:[0 1 0]
DEBUG:root:9,7:[0 2 0]
DEBUG:root:9,8:[0 0 2]
DEBUG:root:9,9:[0 0 0]
DEBUG:root:[0, 0, 0]
DEBUG:root:[0, 1, 1]
DEBUG:root:[1, 0, 0]
DEBUG:root:[0, 0, 1]
DEBUG:root:[0, 1, 1]
DEBUG:root:[0, 0, 0]
DEBUG:root:[1, 0, 1]
DEBUG:root:[2, 0, 0]
DEBUG:root:[0, 1, 0]
DEBUG:root:[0, 0, 0]
DEBUG:root:[0, 0, 1]
DEBUG:root:[1, 2, 0]
DEBUG:root:[2, 2, 0]
DEBUG:root:[1, 2, 0]
DEBUG:root:[2, 1, 0]
DEBUG:root:[0, 1, 0]
DEBUG:root:[1, 2, 0]
DEBUG:root:[0, 0, 0]
DEBUG:root:[0, 0, 0]
DEBUG:root:[1, 2, 1]
DEBUG:root:[0, 2, 1]
DEBUG:root:[0, 0, 0]
DEBUG:root:[1, 0, 0]
DEBUG:root:[1, 0, 0]
DEBUG:root:[1, 1, 2]
DEBUG:root:[0, 0, 1]
DEBUG:root:[0, 0, 1]
DEBUG:root:[1, 1, 0]
DEBUG:root:[1, 1, 0]
DEBUG:root:[1, 2, 0]
DEBUG:root:[0, 0, 1]
DEBUG:root:[0, 0, 1]
DEBUG:root:[0, 1, 0]
DEBUG:root:[1, 0, 1]
DEBUG:root:[1, 0, 1]
DEBUG:root:[0, 2, 0]
DEBUG:root:[1, 0, 0]
DEBUG:root:[1, 1, 1]
DEBUG:root:[1, 2, 0]
DEBUG:root:[2, 0, 0]
DEBUG:root:[0, 1, 2]
DEBUG:root:[0, 2, 0]
DEBUG:root:[1, 0, 1]
DEBUG:root:[0, 0, 0]
DEBUG:root:[0, 0, 1]
DEBUG:root:[0, 0, 0]
DEBUG:root:[1, 0, 0]
DEBUG:root:[1, 0, 0]
DEBUG:root:[0, 0, 1]
DEBUG:root:[2, 0, 1]
DEBUG:root:[1, 1, 2]
DEBUG:root:[0, 1, 1]
DEBUG:root:[2, 3, 1]
DEBUG:root:[1, 1, 1]
DEBUG:root:[2, 1, 0]
DEBUG:root:[1, 0, 0]
DEBUG:root:[2, 0, 0]
DEBUG:root:[1, 1, 0]
DEBUG:root:[1, 0, 2]
DEBUG:root:[0, 0, 0]
DEBUG:root:[0, 1, 1]
DEBUG:root:[2, 1, 2]
DEBUG:root:[0, 2, 1]
DEBUG:root:[0, 0, 0]
DEBUG:root:[1, 2, 0]
DEBUG:root:[0, 0, 0]
DEBUG:root:[0, 2, 0]
DEBUG:root:[0, 0, 1]
DEBUG:root:[1, 1, 2]
DEBUG:root:[0, 0, 1]
DEBUG:root:[1, 1, 0]
DEBUG:root:[2, 1, 0]
DEBUG:root:[2, 1, 1]
DEBUG:root:[2, 1, 0]
DEBUG:root:[0, 3, 0]
DEBUG:root:[1, 3, 0]
DEBUG:root:[1, 3, 0]
DEBUG:root:[2, 1, 0]
DEBUG:root:[1, 0, 0]
DEBUG:root:[0, 0, 0]
DEBUG:root:[2, 0, 1]
DEBUG:root:[1, 0, 1]
DEBUG:root:[2, 1, 1]
DEBUG:root:[1, 0, 1]
DEBUG:root:[0, 1, 1]
DEBUG:root:[1, 3, 0]
DEBUG:root:[1, 1, 0]
DEBUG:root:[1, 1, 2]
DEBUG:root:[0, 0, 2]
DEBUG:root:[0, 0, 0]
DEBUG:root:[0, 0, 1]
DEBUG:root:[0, 0, 1]
DEBUG:root:[0, 2, 0]
DEBUG:root:[0, 2, 0]
DEBUG:root:[1, 2, 0]
DEBUG:root:[0, 0, 0]
DEBUG:root:[0, 1, 2]
DEBUG:root:[1, 0, 2]
DEBUG:root:[0, 0, 1]
DEBUG:root:[0, 0, 0]
DEBUG:root:0,0:[0 0 0]
DEBUG:root:0,1:[0 0 1]
DEBUG:root:0,2:[0 2 1]
DEBUG:root:0,3:[0 0 1]
DEBUG:root:0,4:[0 1 2]
DEBUG:root:0,5:[1 1 2]
DEBUG:root:0,6:[0 1 1]
DEBUG:root:0,7:[1 1 0]
DEBUG:root:0,8:[2 0 1]
DEBUG:root:0,9:[0 0 1]
DEBUG:root:1,0:[0 1 1]
DEBUG:root:1,1:[1 2 0]
DEBUG:root:1,2:[0 0 0]
DEBUG:root:1,3:[0 0 1]
DEBUG:root:1,4:[0 2 0]
DEBUG:root:1,5:[0 1 1]
DEBUG:root:1,6:[2 1 2]
DEBUG:root:1,7:[2 1 0]
DEBUG:root:1,8:[1 0 1]
DEBUG:root:1,9:[0 0 1]
DEBUG:root:2,0:[1 0 0]
DEBUG:root:2,1:[2 2 0]
DEBUG:root:2,2:[1 0 0]
DEBUG:root:2,3:[0 1 0]
DEBUG:root:2,4:[1 0 1]
DEBUG:root:2,5:[2 3 1]
DEBUG:root:2,6:[0 2 1]
DEBUG:root:2,7:[2 1 1]
DEBUG:root:2,8:[2 1 1]
DEBUG:root:2,9:[0 2 0]
DEBUG:root:3,0:[0 0 1]
DEBUG:root:3,1:[1 2 0]
DEBUG:root:3,2:[1 0 0]
DEBUG:root:3,3:[1 0 1]
DEBUG:root:3,4:[0 0 0]
DEBUG:root:3,5:[1 1 1]
DEBUG:root:3,6:[0 0 0]
DEBUG:root:3,7:[2 1 0]
DEBUG:root:3,8:[1 0 1]
DEBUG:root:3,9:[0 2 0]
DEBUG:root:4,0:[0 1 1]
DEBUG:root:4,1:[2 1 0]
DEBUG:root:4,2:[1 1 2]
DEBUG:root:4,3:[1 0 1]
DEBUG:root:4,4:[0 0 1]
DEBUG:root:4,5:[2 1 0]
DEBUG:root:4,6:[1 2 0]
DEBUG:root:4,7:[0 3 0]
DEBUG:root:4,8:[0 1 1]
DEBUG:root:4,9:[1 2 0]
DEBUG:root:5,0:[0 0 0]
DEBUG:root:5,1:[0 1 0]
DEBUG:root:5,2:[0 0 1]
DEBUG:root:5,3:[0 2 0]
DEBUG:root:5,4:[0 0 0]
DEBUG:root:5,5:[1 0 0]
DEBUG:root:5,6:[0 0 0]
DEBUG:root:5,7:[1 3 0]
DEBUG:root:5,8:[1 3 0]
DEBUG:root:5,9:[0 0 0]
DEBUG:root:6,0:[1 0 1]
DEBUG:root:6,1:[1 2 0]
DEBUG:root:6,2:[0 0 1]
DEBUG:root:6,3:[1 0 0]
DEBUG:root:6,4:[1 0 0]
DEBUG:root:6,5:[2 0 0]
DEBUG:root:6,6:[0 2 0]
DEBUG:root:6,7:[1 3 0]
DEBUG:root:6,8:[1 1 0]
DEBUG:root:6,9:[0 1 2]
DEBUG:root:7,0:[2 0 0]
DEBUG:root:7,1:[0 0 0]
DEBUG:root:7,2:[1 1 0]
DEBUG:root:7,3:[1 1 1]
DEBUG:root:7,4:[1 0 0]
DEBUG:root:7,5:[1 1 0]
DEBUG:root:7,6:[0 0 1]
DEBUG:root:7,7:[2 1 0]
DEBUG:root:7,8:[1 1 2]
DEBUG:root:7,9:[1 0 2]
DEBUG:root:8,0:[0 1 0]
DEBUG:root:8,1:[0 0 0]
DEBUG:root:8,2:[1 1 0]
DEBUG:root:8,3:[1 2 0]
DEBUG:root:8,4:[0 0 1]
DEBUG:root:8,5:[1 0 2]
DEBUG:root:8,6:[1 1 2]
DEBUG:root:8,7:[1 0 0]
DEBUG:root:8,8:[0 0 2]
DEBUG:root:8,9:[0 0 1]
DEBUG:root:9,0:[0 0 0]
DEBUG:root:9,1:[1 2 1]
DEBUG:root:9,2:[1 2 0]
DEBUG:root:9,3:[2 0 0]
DEBUG:root:9,4:[2 0 1]
DEBUG:root:9,5:[0 0 0]
DEBUG:root:9,6:[0 0 1]
DEBUG:root:9,7:[0 0 0]
DEBUG:root:9,8:[0 0 0]
DEBUG:root:9,9:[0 0 0]
DEBUG:git.cmd:Popen(['git', 'add', '--update'], cwd=/home/ec2-user/python/world/main, universal_newlines=False, shell=None, istream=None)
DEBUG:git.cmd:Popen(['git', 'cat-file', '--batch-check'], cwd=/home/ec2-user/python/world/main, universal_newlines=False, shell=None, istream=<valid stream>)
DEBUG:git.cmd:Popen(['git', 'cat-file', '--batch'], cwd=/home/ec2-user/python/world/main, universal_newlines=False, shell=None, istream=<valid stream>)
DEBUG:git.cmd:Popen(['git', 'push', '--porcelain', '--', 'origin'], cwd=/home/ec2-user/python/world/main, universal_newlines=True, shell=None, istream=None)
DEBUG:root:[0, 0, 1]
DEBUG:root:[0, 0, 0]
DEBUG:root:[2, 0, 0]
DEBUG:root:[0, 0, 0]
DEBUG:root:[0, 2, 0]
DEBUG:root:[0, 0, 0]
DEBUG:root:[0, 1, 0]
DEBUG:root:[0, 2, 1]
DEBUG:root:[2, 1, 0]
DEBUG:root:[0, 0, 1]
DEBUG:root:[0, 0, 1]
DEBUG:root:[0, 0, 2]
DEBUG:root:[0, 1, 0]
DEBUG:root:[0, 0, 0]
DEBUG:root:[2, 2, 1]
DEBUG:root:[1, 0, 2]
DEBUG:root:[0, 0, 0]
DEBUG:root:[1, 0, 0]
DEBUG:root:[1, 0, 0]
DEBUG:root:[1, 0, 0]
DEBUG:root:[0, 1, 0]
DEBUG:root:[0, 2, 1]
DEBUG:root:[2, 0, 0]
DEBUG:root:[2, 2, 1]
DEBUG:root:[0, 1, 2]
DEBUG:root:[0, 0, 2]
DEBUG:root:[2, 0, 1]
DEBUG:root:[0, 1, 2]
DEBUG:root:[1, 2, 2]
DEBUG:root:[0, 0, 1]
DEBUG:root:[0, 1, 2]
DEBUG:root:[0, 0, 2]
DEBUG:root:[0, 0, 0]
DEBUG:root:[0, 1, 0]
DEBUG:root:[2, 1, 1]
DEBUG:root:[0, 2, 2]
DEBUG:root:[2, 0, 0]
DEBUG:root:[1, 1, 0]
DEBUG:root:[1, 1, 1]
DEBUG:root:[1, 0, 1]
DEBUG:root:[1, 1, 2]
DEBUG:root:[1, 0, 2]
DEBUG:root:[0, 0, 2]
DEBUG:root:[0, 1, 0]
DEBUG:root:[1, 1, 2]
DEBUG:root:[0, 0, 0]
DEBUG:root:[0, 0, 0]
DEBUG:root:[2, 0, 0]
DEBUG:root:[2, 0, 1]
DEBUG:root:[1, 0, 0]
DEBUG:root:[2, 2, 1]
DEBUG:root:[1, 2, 0]
DEBUG:root:[2, 2, 0]
DEBUG:root:[2, 1, 1]
DEBUG:root:[2, 0, 0]
DEBUG:root:[1, 1, 0]
DEBUG:root:[2, 1, 0]
DEBUG:root:[0, 0, 1]
DEBUG:root:[2, 1, 1]
DEBUG:root:[0, 0, 0]
DEBUG:root:[1, 1, 1]
DEBUG:root:[0, 1, 1]
DEBUG:root:[2, 3, 0]
DEBUG:root:[0, 1, 0]
DEBUG:root:[1, 1, 0]
DEBUG:root:[0, 1, 0]
DEBUG:root:[1, 2, 1]
DEBUG:root:[1, 1, 0]
DEBUG:root:[0, 2, 0]
DEBUG:root:[0, 1, 0]
DEBUG:root:[1, 1, 0]
DEBUG:root:[2, 2, 0]
DEBUG:root:[1, 3, 0]
DEBUG:root:[0, 1, 1]
DEBUG:root:[2, 3, 0]
DEBUG:root:[1, 1, 0]
DEBUG:root:[2, 2, 0]
DEBUG:root:[2, 1, 0]
DEBUG:root:[1, 0, 1]
DEBUG:root:[0, 1, 1]
DEBUG:root:[0, 0, 1]
DEBUG:root:[2, 0, 1]
DEBUG:root:[2, 1, 1]
DEBUG:root:[1, 0, 0]
DEBUG:root:[1, 1, 1]
DEBUG:root:[1, 3, 0]
DEBUG:root:[0, 3, 0]
DEBUG:root:[0, 2, 1]
DEBUG:root:[0, 0, 0]
DEBUG:root:[1, 2, 0]
DEBUG:root:[0, 1, 1]
DEBUG:root:[1, 2, 2]
DEBUG:root:[0, 1, 0]
DEBUG:root:[0, 1, 1]
DEBUG:root:[2, 2, 1]
DEBUG:root:[0, 0, 0]
DEBUG:root:[0, 1, 0]
DEBUG:root:[0, 1, 0]
DEBUG:root:[0, 0, 0]
DEBUG:root:[0, 0, 0]
DEBUG:root:0,0:[0 0 1]
DEBUG:root:0,1:[0 0 1]
DEBUG:root:0,2:[0 1 0]
DEBUG:root:0,3:[0 1 2]
DEBUG:root:0,4:[1 1 2]
DEBUG:root:0,5:[2 2 1]
DEBUG:root:0,6:[1 1 1]
DEBUG:root:0,7:[1 1 0]
DEBUG:root:0,8:[0 0 1]
DEBUG:root:0,9:[0 1 1]
DEBUG:root:1,0:[0 0 0]
DEBUG:root:1,1:[0 0 2]
DEBUG:root:1,2:[0 2 1]
DEBUG:root:1,3:[0 0 2]
DEBUG:root:1,4:[1 0 2]
DEBUG:root:1,5:[1 2 0]
DEBUG:root:1,6:[0 1 1]
DEBUG:root:1,7:[2 2 0]
DEBUG:root:1,8:[2 0 1]
DEBUG:root:1,9:[1 2 2]
DEBUG:root:2,0:[2 0 0]
DEBUG:root:2,1:[0 1 0]
DEBUG:root:2,2:[2 0 0]
DEBUG:root:2,3:[0 0 0]
DEBUG:root:2,4:[0 0 2]
DEBUG:root:2,5:[2 2 0]
DEBUG:root:2,6:[2 3 0]
DEBUG:root:2,7:[1 3 0]
DEBUG:root:2,8:[2 1 1]
DEBUG:root:2,9:[0 1 0]
DEBUG:root:3,0:[0 0 0]
DEBUG:root:3,1:[0 0 0]
DEBUG:root:3,2:[2 2 1]
DEBUG:root:3,3:[0 1 0]
DEBUG:root:3,4:[0 1 0]
DEBUG:root:3,5:[2 1 1]
DEBUG:root:3,6:[0 1 0]
DEBUG:root:3,7:[0 1 1]
DEBUG:root:3,8:[1 0 0]
DEBUG:root:3,9:[0 1 1]
DEBUG:root:4,0:[0 2 0]
DEBUG:root:4,1:[2 2 1]
DEBUG:root:4,2:[0 1 2]
DEBUG:root:4,3:[2 1 1]
DEBUG:root:4,4:[1 1 2]
DEBUG:root:4,5:[2 0 0]
DEBUG:root:4,6:[1 1 0]
DEBUG:root:4,7:[2 3 0]
DEBUG:root:4,8:[1 1 1]
DEBUG:root:4,9:[2 2 1]
DEBUG:root:5,0:[0 0 0]
DEBUG:root:5,1:[1 0 2]
DEBUG:root:5,2:[0 0 2]
DEBUG:root:5,3:[0 2 2]
DEBUG:root:5,4:[0 0 0]
DEBUG:root:5,5:[1 1 0]
DEBUG:root:5,6:[0 1 0]
DEBUG:root:5,7:[1 1 0]
DEBUG:root:5,8:[1 3 0]
DEBUG:root:5,9:[0 0 0]
DEBUG:root:6,0:[0 1 0]
DEBUG:root:6,1:[0 0 0]
DEBUG:root:6,2:[2 0 1]
DEBUG:root:6,3:[2 0 0]
DEBUG:root:6,4:[0 0 0]
DEBUG:root:6,5:[2 1 0]
DEBUG:root:6,6:[1 2 1]
DEBUG:root:6,7:[2 2 0]
DEBUG:root:6,8:[0 3 0]
DEBUG:root:6,9:[0 1 0]
DEBUG:root:7,0:[0 2 1]
DEBUG:root:7,1:[1 0 0]
DEBUG:root:7,2:[0 1 2]
DEBUG:root:7,3:[1 1 0]
DEBUG:root:7,4:[2 0 0]
DEBUG:root:7,5:[0 0 1]
DEBUG:root:7,6:[1 1 0]
DEBUG:root:7,7:[2 1 0]
DEBUG:root:7,8:[0 2 1]
DEBUG:root:7,9:[0 1 0]
DEBUG:root:8,0:[2 1 0]
DEBUG:root:8,1:[1 0 0]
DEBUG:root:8,2:[1 2 2]
DEBUG:root:8,3:[1 1 1]
DEBUG:root:8,4:[2 0 1]
DEBUG:root:8,5:[2 1 1]
DEBUG:root:8,6:[0 2 0]
DEBUG:root:8,7:[1 0 1]
DEBUG:root:8,8:[0 0 0]
DEBUG:root:8,9:[0 0 0]
DEBUG:root:9,0:[0 0 1]
DEBUG:root:9,1:[1 0 0]
DEBUG:root:9,2:[0 0 1]
DEBUG:root:9,3:[1 0 1]
DEBUG:root:9,4:[1 0 0]
DEBUG:root:9,5:[0 0 0]
DEBUG:root:9,6:[0 1 0]
DEBUG:root:9,7:[0 1 1]
DEBUG:root:9,8:[1 2 0]
DEBUG:root:9,9:[0 0 0]
DEBUG:git.cmd:Popen(['git', 'add', '--update'], cwd=/home/ec2-user/python/world/main, universal_newlines=False, shell=None, istream=None)
DEBUG:git.cmd:Popen(['git', 'cat-file', '--batch-check'], cwd=/home/ec2-user/python/world/main, universal_newlines=False, shell=None, istream=<valid stream>)
DEBUG:git.cmd:Popen(['git', 'cat-file', '--batch'], cwd=/home/ec2-user/python/world/main, universal_newlines=False, shell=None, istream=<valid stream>)
DEBUG:git.cmd:Popen(['git', 'push', '--porcelain', '--', 'origin'], cwd=/home/ec2-user/python/world/main, universal_newlines=True, shell=None, istream=None)
DEBUG:root:[0, 0, 0]
DEBUG:root:[1, 1, 0]
DEBUG:root:[1, 0, 0]
DEBUG:root:[0, 0, 0]
DEBUG:root:[1, 2, 0]
DEBUG:root:[0, 0, 0]
DEBUG:root:[0, 1, 0]
DEBUG:root:[2, 0, 0]
DEBUG:root:[0, 2, 1]
DEBUG:root:[0, 1, 0]
DEBUG:root:[0, 0, 1]
DEBUG:root:[0, 2, 1]
DEBUG:root:[0, 1, 0]
DEBUG:root:[1, 0, 1]
DEBUG:root:[2, 0, 1]
DEBUG:root:[0, 1, 0]
DEBUG:root:[0, 1, 0]
DEBUG:root:[1, 1, 2]
DEBUG:root:[0, 2, 1]
DEBUG:root:[2, 1, 0]
DEBUG:root:[0, 1, 0]
DEBUG:root:[0, 1, 1]
DEBUG:root:[1, 2, 0]
DEBUG:root:[1, 0, 1]
DEBUG:root:[2, 2, 2]
DEBUG:root:[1, 1, 2]
DEBUG:root:[0, 0, 1]
DEBUG:root:[0, 2, 2]
DEBUG:root:[2, 1, 0]
DEBUG:root:[1, 0, 0]
DEBUG:root:[1, 2, 0]
DEBUG:root:[0, 1, 1]
DEBUG:root:[2, 0, 1]
DEBUG:root:[0, 2, 1]
DEBUG:root:[1, 0, 2]
DEBUG:root:[1, 1, 1]
DEBUG:root:[1, 0, 0]
DEBUG:root:[0, 2, 1]
DEBUG:root:[2, 2, 1]
DEBUG:root:[1, 0, 1]
DEBUG:root:[0, 0, 1]
DEBUG:root:[0, 1, 2]
DEBUG:root:[0, 0, 1]
DEBUG:root:[1, 1, 1]
DEBUG:root:[0, 0, 2]
DEBUG:root:[0, 0, 1]
DEBUG:root:[0, 1, 0]
DEBUG:root:[1, 0, 1]
DEBUG:root:[1, 0, 1]
DEBUG:root:[2, 1, 0]
DEBUG:root:[0, 1, 0]
DEBUG:root:[1, 0, 0]
DEBUG:root:[2, 1, 1]
DEBUG:root:[0, 1, 1]
DEBUG:root:[1, 1, 0]
DEBUG:root:[1, 1, 0]
DEBUG:root:[0, 0, 0]
DEBUG:root:[1, 1, 0]
DEBUG:root:[1, 1, 2]
DEBUG:root:[1, 0, 1]
DEBUG:root:[2, 1, 2]
DEBUG:root:[1, 2, 0]
DEBUG:root:[1, 2, 1]
DEBUG:root:[1, 1, 0]
DEBUG:root:[0, 1, 0]
DEBUG:root:[0, 0, 0]
DEBUG:root:[1, 0, 0]
DEBUG:root:[1, 0, 0]
DEBUG:root:[0, 1, 0]
DEBUG:root:[1, 2, 0]
DEBUG:root:[0, 2, 0]
DEBUG:root:[2, 2, 0]
DEBUG:root:[1, 2, 1]
DEBUG:root:[0, 2, 0]
DEBUG:root:[2, 1, 0]
DEBUG:root:[2, 1, 2]
DEBUG:root:[1, 3, 0]
DEBUG:root:[1, 1, 2]
DEBUG:root:[1, 0, 1]
DEBUG:root:[0, 0, 0]
DEBUG:root:[0, 0, 0]
DEBUG:root:[1, 1, 1]
DEBUG:root:[2, 1, 0]
DEBUG:root:[0, 1, 0]
DEBUG:root:[1, 1, 0]
DEBUG:root:[0, 1, 0]
DEBUG:root:[0, 2, 0]
DEBUG:root:[0, 1, 1]
DEBUG:root:[0, 1, 0]
DEBUG:root:[0, 0, 2]
DEBUG:root:[1, 1, 0]
DEBUG:root:[2, 0, 0]
DEBUG:root:[1, 1, 0]
DEBUG:root:[2, 0, 0]
DEBUG:root:[2, 1, 0]
DEBUG:root:[0, 2, 1]
DEBUG:root:[1, 1, 1]
DEBUG:root:[1, 0, 0]
DEBUG:root:[0, 0, 1]
DEBUG:root:[0, 0, 0]
DEBUG:root:0,0:[0 0 0]
DEBUG:root:0,1:[0 0 1]
DEBUG:root:0,2:[0 1 0]
DEBUG:root:0,3:[1 2 0]
DEBUG:root:0,4:[0 0 1]
DEBUG:root:0,5:[0 1 0]
DEBUG:root:0,6:[2 1 2]
DEBUG:root:0,7:[0 2 0]
DEBUG:root:0,8:[0 0 0]
DEBUG:root:0,9:[1 1 0]
DEBUG:root:1,0:[1 1 0]
DEBUG:root:1,1:[0 2 1]
DEBUG:root:1,2:[0 1 1]
DEBUG:root:1,3:[0 1 1]
DEBUG:root:1,4:[0 1 2]
DEBUG:root:1,5:[1 0 0]
DEBUG:root:1,6:[1 2 0]
DEBUG:root:1,7:[2 2 0]
DEBUG:root:1,8:[1 1 1]
DEBUG:root:1,9:[2 0 0]
DEBUG:root:2,0:[1 0 0]
DEBUG:root:2,1:[0 1 0]
DEBUG:root:2,2:[1 2 0]
DEBUG:root:2,3:[2 0 1]
DEBUG:root:2,4:[0 0 1]
DEBUG:root:2,5:[2 1 1]
DEBUG:root:2,6:[1 2 1]
DEBUG:root:2,7:[1 2 1]
DEBUG:root:2,8:[2 1 0]
DEBUG:root:2,9:[1 1 0]
DEBUG:root:3,0:[0 0 0]
DEBUG:root:3,1:[1 0 1]
DEBUG:root:3,2:[1 0 1]
DEBUG:root:3,3:[0 2 1]
DEBUG:root:3,4:[1 1 1]
DEBUG:root:3,5:[0 1 1]
DEBUG:root:3,6:[1 1 0]
DEBUG:root:3,7:[0 2 0]
DEBUG:root:3,8:[0 1 0]
DEBUG:root:3,9:[2 0 0]
DEBUG:root:4,0:[1 2 0]
DEBUG:root:4,1:[2 0 1]
DEBUG:root:4,2:[2 2 2]
DEBUG:root:4,3:[1 0 2]
DEBUG:root:4,4:[0 0 2]
DEBUG:root:4,5:[1 1 0]
DEBUG:root:4,6:[0 1 0]
DEBUG:root:4,7:[2 1 0]
DEBUG:root:4,8:[1 1 0]
DEBUG:root:4,9:[2 1 0]
DEBUG:root:5,0:[0 0 0]
DEBUG:root:5,1:[0 1 0]
DEBUG:root:5,2:[1 1 2]
DEBUG:root:5,3:[1 1 1]
DEBUG:root:5,4:[0 0 1]
DEBUG:root:5,5:[1 1 0]
DEBUG:root:5,6:[0 0 0]
DEBUG:root:5,7:[2 1 2]
DEBUG:root:5,8:[0 1 0]
DEBUG:root:5,9:[0 2 1]
DEBUG:root:6,0:[0 1 0]
DEBUG:root:6,1:[0 1 0]
DEBUG:root:6,2:[0 0 1]
DEBUG:root:6,3:[1 0 0]
DEBUG:root:6,4:[0 1 0]
DEBUG:root:6,5:[0 0 0]
DEBUG:root:6,6:[1 0 0]
DEBUG:root:6,7:[1 3 0]
DEBUG:root:6,8:[0 2 0]
DEBUG:root:6,9:[1 1 1]
DEBUG:root:7,0:[2 0 0]
DEBUG:root:7,1:[1 1 2]
DEBUG:root:7,2:[0 2 2]
DEBUG:root:7,3:[0 2 1]
DEBUG:root:7,4:[1 0 1]
DEBUG:root:7,5:[1 1 0]
DEBUG:root:7,6:[1 0 0]
DEBUG:root:7,7:[1 1 2]
DEBUG:root:7,8:[0 1 1]
DEBUG:root:7,9:[1 0 0]
DEBUG:root:8,0:[0 2 1]
DEBUG:root:8,1:[0 2 1]
DEBUG:root:8,2:[2 1 0]
DEBUG:root:8,3:[2 2 1]
DEBUG:root:8,4:[1 0 1]
DEBUG:root:8,5:[1 1 2]
DEBUG:root:8,6:[0 1 0]
DEBUG:root:8,7:[1 0 1]
DEBUG:root:8,8:[0 1 0]
DEBUG:root:8,9:[0 0 1]
DEBUG:root:9,0:[0 1 0]
DEBUG:root:9,1:[2 1 0]
DEBUG:root:9,2:[1 0 0]
DEBUG:root:9,3:[1 0 1]
DEBUG:root:9,4:[2 1 0]
DEBUG:root:9,5:[1 0 1]
DEBUG:root:9,6:[1 2 0]
DEBUG:root:9,7:[0 0 0]
DEBUG:root:9,8:[0 0 2]
DEBUG:root:9,9:[0 0 0]
DEBUG:git.cmd:Popen(['git', 'add', '--update'], cwd=/home/ec2-user/python/world/main, universal_newlines=False, shell=None, istream=None)
DEBUG:git.cmd:Popen(['git', 'cat-file', '--batch-check'], cwd=/home/ec2-user/python/world/main, universal_newlines=False, shell=None, istream=<valid stream>)
DEBUG:git.cmd:Popen(['git', 'cat-file', '--batch'], cwd=/home/ec2-user/python/world/main, universal_newlines=False, shell=None, istream=<valid stream>)
DEBUG:git.cmd:Popen(['git', 'push', '--porcelain', '--', 'origin'], cwd=/home/ec2-user/python/world/main, universal_newlines=True, shell=None, istream=None)
DEBUG:root:0,0:[0 2 4]
DEBUG:root:0,1:[0 2 3]
DEBUG:root:0,2:[0 2 3]
DEBUG:root:0,3:[2 3 2]
DEBUG:root:0,4:[0 1 3]
DEBUG:root:0,5:[1 0 3]
DEBUG:root:0,6:[2 3 0]
DEBUG:root:0,7:[2 2 3]
DEBUG:root:0,8:[1 1 2]
DEBUG:root:0,9:[1 0 2]
DEBUG:root:1,0:[1 1 3]
DEBUG:root:1,1:[2 0 1]
DEBUG:root:1,2:[0 1 0]
DEBUG:root:1,3:[0 3 2]
DEBUG:root:1,4:[2 0 2]
DEBUG:root:1,5:[0 3 4]
DEBUG:root:1,6:[1 3 0]
DEBUG:root:1,7:[1 1 4]
DEBUG:root:1,8:[2 2 0]
DEBUG:root:1,9:[2 2 2]
DEBUG:root:2,0:[1 2 1]
DEBUG:root:2,1:[0 0 0]
DEBUG:root:2,2:[0 3 1]
DEBUG:root:2,3:[0 3 2]
DEBUG:root:2,4:[0 1 1]
DEBUG:root:2,5:[0 1 0]
DEBUG:root:2,6:[0 2 1]
DEBUG:root:2,7:[1 3 3]
DEBUG:root:2,8:[2 3 4]
DEBUG:root:2,9:[2 3 2]
DEBUG:root:3,0:[2 1 1]
DEBUG:root:3,1:[1 3 1]
DEBUG:root:3,2:[1 1 2]
DEBUG:root:3,3:[2 1 0]
DEBUG:root:3,4:[2 3 4]
DEBUG:root:3,5:[0 2 3]
DEBUG:root:3,6:[2 3 1]
DEBUG:root:3,7:[1 1 1]
DEBUG:root:3,8:[2 1 1]
DEBUG:root:3,9:[0 2 0]
DEBUG:root:4,0:[0 1 3]
DEBUG:root:4,1:[0 0 1]
DEBUG:root:4,2:[0 2 4]
DEBUG:root:4,3:[2 1 4]
DEBUG:root:4,4:[2 0 1]
DEBUG:root:4,5:[0 0 1]
DEBUG:root:4,6:[0 3 1]
DEBUG:root:4,7:[0 2 0]
DEBUG:root:4,8:[2 1 1]
DEBUG:root:4,9:[0 1 3]
DEBUG:root:5,0:[0 3 1]
DEBUG:root:5,1:[0 3 3]
DEBUG:root:5,2:[2 0 0]
DEBUG:root:5,3:[0 1 0]
DEBUG:root:5,4:[1 1 1]
DEBUG:root:5,5:[0 2 0]
DEBUG:root:5,6:[1 3 0]
DEBUG:root:5,7:[0 2 1]
DEBUG:root:5,8:[0 3 4]
DEBUG:root:5,9:[2 2 1]
DEBUG:root:6,0:[1 0 0]
DEBUG:root:6,1:[1 2 0]
DEBUG:root:6,2:[0 3 3]
DEBUG:root:6,3:[1 0 3]
DEBUG:root:6,4:[0 1 1]
DEBUG:root:6,5:[0 0 1]
DEBUG:root:6,6:[2 2 1]
DEBUG:root:6,7:[2 3 2]
DEBUG:root:6,8:[0 1 4]
DEBUG:root:6,9:[2 3 4]
DEBUG:root:7,0:[2 1 1]
DEBUG:root:7,1:[1 2 2]
DEBUG:root:7,2:[2 0 4]
DEBUG:root:7,3:[2 2 0]
DEBUG:root:7,4:[2 1 0]
DEBUG:root:7,5:[0 0 4]
DEBUG:root:7,6:[1 1 1]
DEBUG:root:7,7:[1 3 1]
DEBUG:root:7,8:[0 3 1]
DEBUG:root:7,9:[0 0 1]
DEBUG:root:8,0:[1 3 0]
DEBUG:root:8,1:[1 3 2]
DEBUG:root:8,2:[1 3 3]
DEBUG:root:8,3:[2 1 3]
DEBUG:root:8,4:[1 0 1]
DEBUG:root:8,5:[1 1 0]
DEBUG:root:8,6:[1 2 2]
DEBUG:root:8,7:[1 3 3]
DEBUG:root:8,8:[1 1 1]
DEBUG:root:8,9:[0 3 2]
DEBUG:root:9,0:[1 1 3]
DEBUG:root:9,1:[1 2 2]
DEBUG:root:9,2:[1 2 2]
DEBUG:root:9,3:[1 0 2]
DEBUG:root:9,4:[2 2 2]
DEBUG:root:9,5:[0 0 2]
DEBUG:root:9,6:[0 3 3]
DEBUG:root:9,7:[1 1 1]
DEBUG:root:9,8:[0 0 3]
DEBUG:root:9,9:[0 3 2]
DEBUG:root:[0, 0, 0]
DEBUG:root:[1, 1, 1]
DEBUG:root:[1, 0, 0]
DEBUG:root:[0, 0, 0]
DEBUG:root:[0, 0, 0]
DEBUG:root:[1, 0, 0]
DEBUG:root:[0, 1, 0]
DEBUG:root:[1, 1, 0]
DEBUG:root:[0, 1, 0]
DEBUG:root:[0, 2, 0]
DEBUG:root:[0, 1, 1]
DEBUG:root:[0, 1, 0]
DEBUG:root:[1, 1, 1]
DEBUG:root:[0, 1, 2]
DEBUG:root:[0, 2, 1]
DEBUG:root:[0, 1, 0]
DEBUG:root:[2, 1, 2]
DEBUG:root:[0, 0, 1]
DEBUG:root:[1, 1, 0]
DEBUG:root:[0, 1, 1]
DEBUG:root:[0, 1, 1]
DEBUG:root:[1, 1, 1]
DEBUG:root:[0, 0, 1]
DEBUG:root:[0, 0, 2]
DEBUG:root:[0, 0, 1]
DEBUG:root:[0, 0, 1]
DEBUG:root:[0, 2, 1]
DEBUG:root:[0, 0, 0]
DEBUG:root:[2, 0, 1]
DEBUG:root:[1, 2, 1]
DEBUG:root:[0, 2, 1]
DEBUG:root:[0, 0, 0]
DEBUG:root:[1, 1, 0]
DEBUG:root:[2, 2, 1]
DEBUG:root:[1, 1, 2]
DEBUG:root:[2, 0, 2]
DEBUG:root:[1, 0, 1]
DEBUG:root:[1, 0, 1]
DEBUG:root:[2, 1, 0]
DEBUG:root:[0, 0, 1]
DEBUG:root:[0, 1, 2]
DEBUG:root:[0, 2, 0]
DEBUG:root:[0, 2, 1]
DEBUG:root:[0, 2, 1]
DEBUG:root:[0, 1, 0]
DEBUG:root:[1, 0, 0]
DEBUG:root:[1, 0, 0]
DEBUG:root:[0, 0, 2]
DEBUG:root:[0, 0, 0]
DEBUG:root:[1, 0, 0]
DEBUG:root:[1, 0, 0]
DEBUG:root:[1, 2, 0]
DEBUG:root:[2, 1, 2]
DEBUG:root:[2, 1, 1]
DEBUG:root:[1, 0, 0]
DEBUG:root:[2, 1, 1]
DEBUG:root:[1, 0, 0]
DEBUG:root:[2, 0, 0]
DEBUG:root:[1, 2, 2]
DEBUG:root:[0, 0, 0]
DEBUG:root:[0, 0, 2]
DEBUG:root:[1, 2, 0]
DEBUG:root:[1, 2, 0]
DEBUG:root:[0, 2, 0]
DEBUG:root:[1, 1, 1]
DEBUG:root:[0, 2, 0]
DEBUG:root:[2, 1, 0]
DEBUG:root:[0, 0, 1]
DEBUG:root:[0, 2, 2]
DEBUG:root:[1, 1, 0]
DEBUG:root:[1, 1, 1]
DEBUG:root:[1, 1, 0]
DEBUG:root:[1, 3, 2]
DEBUG:root:[1, 1, 1]
DEBUG:root:[1, 2, 0]
DEBUG:root:[0, 1, 0]
DEBUG:root:[0, 1, 1]
DEBUG:root:[2, 2, 0]
DEBUG:root:[0, 0, 0]
DEBUG:root:[0, 1, 0]
DEBUG:root:[1, 0, 1]
DEBUG:root:[2, 0, 0]
DEBUG:root:[1, 3, 1]
DEBUG:root:[0, 0, 1]
DEBUG:root:[2, 0, 0]
DEBUG:root:[0, 3, 0]
DEBUG:root:[0, 2, 0]
DEBUG:root:[1, 1, 0]
DEBUG:root:[0, 0, 0]
DEBUG:root:[0, 1, 2]
DEBUG:root:[2, 0, 0]
DEBUG:root:[1, 0, 2]
DEBUG:root:[1, 1, 0]
DEBUG:root:[0, 0, 0]
DEBUG:root:[2, 0, 1]
DEBUG:root:[1, 1, 1]
DEBUG:root:[0, 0, 1]
DEBUG:root:[0, 2, 2]
DEBUG:root:[0, 0, 0]
DEBUG:root:[0, 1, 0]
DEBUG:root:0,0:[0 0 0]
DEBUG:root:0,1:[0 1 1]
DEBUG:root:0,2:[0 1 1]
DEBUG:root:0,3:[0 2 1]
DEBUG:root:0,4:[0 1 2]
DEBUG:root:0,5:[1 0 0]
DEBUG:root:0,6:[0 0 2]
DEBUG:root:0,7:[1 1 1]
DEBUG:root:0,8:[1 0 1]
DEBUG:root:0,9:[2 0 0]
DEBUG:root:1,0:[1 1 1]
DEBUG:root:1,1:[0 1 0]
DEBUG:root:1,2:[1 1 1]
DEBUG:root:1,3:[0 0 0]
DEBUG:root:1,4:[0 2 0]
DEBUG:root:1,5:[1 2 0]
DEBUG:root:1,6:[1 2 0]
DEBUG:root:1,7:[1 1 0]
DEBUG:root:1,8:[2 0 0]
DEBUG:root:1,9:[1 0 2]
DEBUG:root:2,0:[1 0 0]
DEBUG:root:2,1:[1 1 1]
DEBUG:root:2,2:[0 0 1]
DEBUG:root:2,3:[1 1 0]
DEBUG:root:2,4:[0 2 1]
DEBUG:root:2,5:[2 1 2]
DEBUG:root:2,6:[1 2 0]
DEBUG:root:2,7:[1 3 2]
DEBUG:root:2,8:[1 3 1]
DEBUG:root:2,9:[1 1 0]
DEBUG:root:3,0:[0 0 0]
DEBUG:root:3,1:[0 1 2]
DEBUG:root:3,2:[0 0 2]
DEBUG:root:3,3:[2 2 1]
DEBUG:root:3,4:[0 2 1]
DEBUG:root:3,5:[2 1 1]
DEBUG:root:3,6:[0 2 0]
DEBUG:root:3,7:[1 1 1]
DEBUG:root:3,8:[0 0 1]
DEBUG:root:3,9:[0 0 0]
DEBUG:root:4,0:[0 0 0]
DEBUG:root:4,1:[0 2 1]
DEBUG:root:4,2:[0 0 1]
DEBUG:root:4,3:[1 1 2]
DEBUG:root:4,4:[0 1 0]
DEBUG:root:4,5:[1 0 0]
DEBUG:root:4,6:[1 1 1]
DEBUG:root:4,7:[1 2 0]
DEBUG:root:4,8:[2 0 0]
DEBUG:root:4,9:[2 0 1]
DEBUG:root:5,0:[1 0 0]
DEBUG:root:5,1:[0 1 0]
DEBUG:root:5,2:[0 0 1]
DEBUG:root:5,3:[2 0 2]
DEBUG:root:5,4:[1 0 0]
DEBUG:root:5,5:[2 1 1]
DEBUG:root:5,6:[0 2 0]
DEBUG:root:5,7:[0 1 0]
DEBUG:root:5,8:[0 3 0]
DEBUG:root:5,9:[1 1 1]
DEBUG:root:6,0:[0 1 0]
DEBUG:root:6,1:[2 1 2]
DEBUG:root:6,2:[0 2 1]
DEBUG:root:6,3:[1 0 1]
DEBUG:root:6,4:[1 0 0]
DEBUG:root:6,5:[1 0 0]
DEBUG:root:6,6:[2 1 0]
DEBUG:root:6,7:[0 1 1]
DEBUG:root:6,8:[0 2 0]
DEBUG:root:6,9:[0 0 1]
DEBUG:root:7,0:[1 1 0]
DEBUG:root:7,1:[0 0 1]
DEBUG:root:7,2:[0 0 0]
DEBUG:root:7,3:[1 0 1]
DEBUG:root:7,4:[0 0 2]
DEBUG:root:7,5:[2 0 0]
DEBUG:root:7,6:[0 0 1]
DEBUG:root:7,7:[2 2 0]
DEBUG:root:7,8:[1 1 0]
DEBUG:root:7,9:[0 2 2]
DEBUG:root:8,0:[0 1 0]
DEBUG:root:8,1:[1 1 0]
DEBUG:root:8,2:[2 0 1]
DEBUG:root:8,3:[2 1 0]
DEBUG:root:8,4:[0 0 0]
DEBUG:root:8,5:[1 2 2]
DEBUG:root:8,6:[0 2 2]
DEBUG:root:8,7:[0 0 0]
DEBUG:root:8,8:[0 0 0]
DEBUG:root:8,9:[0 0 0]
DEBUG:root:9,0:[0 2 0]
DEBUG:root:9,1:[0 1 1]
DEBUG:root:9,2:[1 2 1]
DEBUG:root:9,3:[0 0 1]
DEBUG:root:9,4:[1 0 0]
DEBUG:root:9,5:[0 0 0]
DEBUG:root:9,6:[1 1 0]
DEBUG:root:9,7:[0 1 0]
DEBUG:root:9,8:[0 1 2]
DEBUG:root:9,9:[0 1 0]
DEBUG:git.cmd:Popen(['git', 'add', '--update'], cwd=/home/ec2-user/python/world/main, universal_newlines=False, shell=None, istream=None)
